
Showing logs for build [32mdanielma911-http-go-aks-master-1[0m stage [32mmeta-pipeline[0m and container [32mstep-credential-initializer-4wtvr[0m
{"level":"warn","ts":1567270533.825813,"logger":"fallback-logger","caller":"logging/config.go:69","msg":"Fetch GitHub commit ID from kodata failed: \"ref: refs/heads/master\" is not a valid GitHub commit ID"}
{"level":"info","ts":1567270533.8263915,"logger":"fallback-logger","caller":"creds-init/main.go:40","msg":"Credentials initialized."}

Showing logs for build [32mdanielma911-http-go-aks-master-1[0m stage [32mmeta-pipeline[0m and container [32mstep-working-dir-initializer-qs2hx[0m
{"level":"warn","ts":1567270536.6860087,"logger":"fallback-logger","caller":"logging/config.go:69","msg":"Fetch GitHub commit ID from kodata failed: open /var/run/ko/HEAD: no such file or directory"}
{"level":"info","ts":1567270536.687591,"logger":"fallback-logger","caller":"bash/main.go:65","msg":"Successfully executed command \"mkdir -p /workspace/source\""}

Showing logs for build [32mdanielma911-http-go-aks-master-1[0m stage [32mmeta-pipeline[0m and container [32mstep-place-tools[0m

Showing logs for build [32mdanielma911-http-go-aks-master-1[0m stage [32mmeta-pipeline[0m and container [32mstep-git-source-meta-danielma911-http-go-aks-ma-zc6xm[0m
{"level":"warn","ts":1567270544.7308843,"logger":"fallback-logger","caller":"logging/config.go:69","msg":"Fetch GitHub commit ID from kodata failed: \"ref: refs/heads/master\" is not a valid GitHub commit ID"}
{"level":"info","ts":1567270545.3118105,"logger":"fallback-logger","caller":"git/git.go:102","msg":"Successfully cloned https://github.com/***********/http-go-aks.git @ f9bda62c98990d11311ca39a3dea2f2af86367aa in path /workspace/source"}

Showing logs for build [32mdanielma911-http-go-aks-master-1[0m stage [32mmeta-pipeline[0m and container [32mstep-git-merge[0m
Using SHAs from PULL_REFS=master:f9bda62c98990d11311ca39a3dea2f2af86367aa
WARNING: no SHAs to merge, falling back to initial cloned commit

Showing logs for build [32mdanielma911-http-go-aks-master-1[0m stage [32mmeta-pipeline[0m and container [32mstep-merge-pull-refs[0m
SKIP merge-pull-refs: Nothing to merge

Showing logs for build [32mdanielma911-http-go-aks-master-1[0m stage [32mmeta-pipeline[0m and container [32mstep-create-effective-pipeline[0m
Deleting and cloning the Jenkins X versions repo
Cloning the Jenkins X versions repo https://github.com/jenkins-x/jenkins-x-versions.git with ref refs/heads/master to /builder/home/.**/jenkins-x-versions
Effective pipeline written to jenkins-x-effective.yml

Showing logs for build [32mdanielma911-http-go-aks-master-1[0m stage [32mmeta-pipeline[0m and container [32mstep-create-tekton-crds[0m
running command: echo \$(**-release-version) > VERSION

running command: ** step tag --version \$(cat VERSION)
Updating chart version in charts/http-go-aks/Chart.yaml to 0.0.1
Updating repository in charts/http-go-aks/values.yaml to shieldgranite.azurecr.io/***********/http-go-aks
Updating tag in charts/http-go-aks/values.yaml to 0.0.1
Tag v0.0.1 created and pushed to remote origin

WARNING: failed to find secret kaniko-secret in namespace **: secrets "kaniko-secret" not found
PipelineActivity for ***********-http-go-aks-master-1
Applying changes 
upserted PipelineResource ***********-http-go-aks-master for the git repository https://github.com/***********/http-go-aks.git
upserted Task ***********-http-go-aks-master-from-build-pack-1
upserted Pipeline ***********-http-go-aks-master-1
created PipelineRun ***********-http-go-aks-master-1
created PipelineStructure ***********-http-go-aks-master-1

Showing logs for build [32mdanielma911-http-go-aks-master-1[0m stage [32mfrom-build-pack[0m and container [32mstep-credential-initializer-9n8lj[0m
{"level":"warn","ts":1567270558.9773593,"logger":"fallback-logger","caller":"logging/config.go:69","msg":"Fetch GitHub commit ID from kodata failed: \"ref: refs/heads/master\" is not a valid GitHub commit ID"}
{"level":"info","ts":1567270558.9778018,"logger":"fallback-logger","caller":"creds-init/main.go:40","msg":"Credentials initialized."}

Showing logs for build [32mdanielma911-http-go-aks-master-1[0m stage [32mfrom-build-pack[0m and container [32mstep-working-dir-initializer-mxzkm[0m
{"level":"warn","ts":1567270559.778944,"logger":"fallback-logger","caller":"logging/config.go:69","msg":"Fetch GitHub commit ID from kodata failed: open /var/run/ko/HEAD: no such file or directory"}
{"level":"info","ts":1567270559.7806804,"logger":"fallback-logger","caller":"bash/main.go:65","msg":"Successfully executed command \"mkdir -p /workspace/source /workspace/source/charts/http-go-aks\""}

Showing logs for build [32mdanielma911-http-go-aks-master-1[0m stage [32mfrom-build-pack[0m and container [32mstep-place-tools[0m

Showing logs for build [32mdanielma911-http-go-aks-master-1[0m stage [32mfrom-build-pack[0m and container [32mstep-git-source-danielma911-http-go-aks-master-2r2xt[0m
{"level":"warn","ts":1567270571.8351686,"logger":"fallback-logger","caller":"logging/config.go:69","msg":"Fetch GitHub commit ID from kodata failed: \"ref: refs/heads/master\" is not a valid GitHub commit ID"}
{"level":"info","ts":1567270572.411524,"logger":"fallback-logger","caller":"git/git.go:102","msg":"Successfully cloned https://github.com/***********/http-go-aks.git @ v0.0.1 in path /workspace/source"}

Showing logs for build [32mdanielma911-http-go-aks-master-1[0m stage [32mfrom-build-pack[0m and container [32mstep-git-merge[0m
Using SHAs from PULL_REFS=master:f9bda62c98990d11311ca39a3dea2f2af86367aa
WARNING: no SHAs to merge, falling back to initial cloned commit

Showing logs for build [32mdanielma911-http-go-aks-master-1[0m stage [32mfrom-build-pack[0m and container [32mstep-setup-jx-git-credentials[0m
Generated Git credentials file /workspace/xdg_config/git/credentials

Showing logs for build [32mdanielma911-http-go-aks-master-1[0m stage [32mfrom-build-pack[0m and container [32mstep-build-make-build[0m
CGO_ENABLED=0 GO15VENDOREXPERIMENT=1 go build -ldflags '' -o bin/http-go-aks main.go

Showing logs for build [32mdanielma911-http-go-aks-master-1[0m stage [32mfrom-build-pack[0m and container [32mstep-build-container-build[0m
[36mINFO[0m[0000] No base image, nothing to extract            
[36mINFO[0m[0000] cmd: EXPOSE                                  
[36mINFO[0m[0000] Adding exposed port: 8080/tcp                
[36mINFO[0m[0000] Using files from context: [/workspace/source/bin] 
[36mINFO[0m[0000] Skipping unpacking as no commands require it. 
[36mINFO[0m[0000] Taking snapshot of full filesystem...        
[36mINFO[0m[0000] EXPOSE 8080                                  
[36mINFO[0m[0000] cmd: EXPOSE                                  
[36mINFO[0m[0000] Adding exposed port: 8080/tcp                
[36mINFO[0m[0000] No files changed in this command, skipping snapshotting. 
[36mINFO[0m[0000] ENTRYPOINT ["/http-go-aks"]                  
[36mINFO[0m[0000] No files changed in this command, skipping snapshotting. 
[36mINFO[0m[0000] Using files from context: [/workspace/source/bin] 
[36mINFO[0m[0000] COPY ./bin/ /                                
[36mINFO[0m[0000] Taking snapshot of files...                  
2019/08/31 16:56:19 pushed blob: sha256:26ee74a2673700e55b1d002669f0559a0f5804d905eb7cdc63b1ce0f08196426
2019/08/31 16:56:20 pushed blob: sha256:858b0d54dadc62f3ccc012242c05ae7a1275e15c507b88589bab73a66160b137
2019/08/31 16:56:20 shieldgranite.azurecr.io/***********/http-go-aks:0.0.1: digest: sha256:81a057b59cc0d74e1dd86c0bb7be3772d8c9d71d3b6039726e63d51bbc8aeac6 size: 428

Showing logs for build [32mdanielma911-http-go-aks-master-1[0m stage [32mfrom-build-pack[0m and container [32mstep-build-post-build[0m
no CVE provider running in the current ** namespace so skip adding image to be analysed

Showing logs for build [32mdanielma911-http-go-aks-master-1[0m stage [32mfrom-build-pack[0m and container [32mstep-promote-changelog[0m
Converted /workspace/source/charts/http-go-aks to an unshallow repository
no previous commit version found so change diff unavailable

Showing logs for build [32mdanielma911-http-go-aks-master-1[0m stage [32mfrom-build-pack[0m and container [32mstep-promote-helm-release[0m
WARNING: No $CHART_REPOSITORY defined so using the default value of: http://jenkins-x-chartmuseum:8080
Adding missing Helm repo: storage.googleapis.com https://storage.googleapis.com/chartmuseum.jenkins-x.io
Successfully added Helm repository storage.googleapis.com.
Adding missing Helm repo: jenkins-x-chartmuseum http://jenkins-x-chartmuseum:8080
Successfully added Helm repository jenkins-x-chartmuseum.
WARNING: No $CHART_REPOSITORY defined so using the default value of: http://jenkins-x-chartmuseum:8080
Uploading chart file http-go-aks-0.0.1.tgz to http://jenkins-x-chartmuseum:8080/api/charts
Received 201 response: {"saved":true}

Showing logs for build [32mdanielma911-http-go-aks-master-1[0m stage [32mfrom-build-pack[0m and container [32mstep-promote-jx-promote[0m
WARNING: prow based install so skip waiting for the merge of Pull Requests to go green as currently there is an issue with gettingstatuses from the PR, see https://github.com/jenkins-x/**/issues/2410
Promoting app http-go-aks version 0.0.1 to namespace **-staging
Created Pull Request: https://github.com/***********/environment-maskjet-staging/pull/1
Added label  to Pull Request https://github.com/***********/environment-maskjet-staging/pull/1
Pull Request https://github.com/***********/environment-maskjet-staging/pull/1 is merged at sha 46fa559ec4e1ef39c78ab307fe1f0d5df2739f6e
Pull Request merged but we are not waiting for the update pipeline to complete!
WARNING: Could not find the service URL in namespace **-staging for names http-go-aks, **-http-go-aks, **-staging-http-go-aks
